_____________________________________________________________________________________________________________________________
| __| ________| ______| ________| __| | ______| ________________________| ________| ____| __| ______| __| ______________| __| 
| | | ____| | | __| | ______| __| |   | __| ______| __| | ________________| __| ____|   | | | | | | ____| | __| __| __| | | | 
| ______| | | ____| | | | __| ____| | | | | __| |   | __| | __| | ____| __| __| __| __| __| | | | ________| __| | ____| | | | 
| __|   |   | | __| | __| | | ____| | __| | |   | | | | | __|   | | __|   | | __| __| __| ____| ____________  | | | ____| | | 
| | __| | __| __| | ______| __| __| __| __| __| | __| | ________| | ____|   | | | ____| __| ______| ________| | | ____|   | | 
| | ______| ____| ____| ______| |   | | __| | | __| __| ____| ____| __| __|   | ____| __| | __| ____| __| | __| __| | | | __| 
| | __| __| | | __| ______| | | __|   | __| | __| ____  | ____| __| | __| __| __| ____| | __| | __| __| | | ____| | | __| | | 
| __| | | __| | | __| __|   | __| __| | | | | | __| ____| | ____| __| | ____| __| ____| | ____| __| |   | ______| | __| __  | 
| | __| ____  | | | __| | __| ____| __| | |   | | | ____| | | __| | ______________| ____| ______| | __| __________| | | __| | 
| | ______| __| __| |   | ____| | |   | | __| | | __| ____| | | | | ______|   | ____| __| | ________| | | ____| ____| __| | | 
| ______| | __| | __| | | | | ____| | | __| ______| | __| ____| | __| | __| | | | ____| __| ________| | ____| __| ____| __| | 
| ____| | __| ____| | | __| ________| | | __| __| | | __| __| ____| | __| __| | ____| ______| __|   | | | ______| ____| ____| 
| |   | ____| __|   | | __| ____| ______| __| | | __| __| | __| __| | __| __| ____| | __| ____| | | | | | | __| ____| | ____| 
| __| | | __| ______| __| __| | | | ____| |   | | __| __| | ______| __  | | __| __| __| ______|   | | | | __| ____| ______| | 
| __| | | | ____| __| ______| | __| | | __| | | __  | __| __| __________| __| ______| ______| | __| __| __| ____| | ______| | 
| | | | ______| ____| ____|   | | __| ________| __| | __| | ____________| __| __| ____| __| __| | __| __| __| ____| __| __  | 
| | | | ____| ____| __| ____| | ____  | ____| __| ____| ________| | ______| ____| __| __| ____| | ____| | __| ____| | ____| | 
|   | | | ____| | __| ____| | __| __| __| | __| __| __| __| __| ____| ______| ____| | ________| ____| | __| __| | ______| __| 
| | | ____| | ________| __| | | __| __| | | ________| __| ______| ________| | __| | __| __________| | | ______| ____| | __| | 
| | __| | __| __________| | | __| | ____| ________| __| ____| | | __| __| __| | | __| ____| __| __| ______| ____| ____| | | | 
| | | __| __| | | __| __________| | ____| ____| | __| ____| __| | __| | | __| | | __| | ____| ______| __| | __| ____| __|   | 
| __| ____| | ____| __| ____| __| | | __| | | | | ____| ____| __|   | __________| | ____| ________| ____| __| | __| __| __| | 
| ____| | | __| | __| __| __| | | | | | __| | __| __| __|   | |   | | ____________| ________| ______| ____| __| __| | __| | | 
| | __| __| __| __| | | | __| | __| | | __  | ____| ____| | | | | __| |   | __| ____| __| __| __| __| ____| | __| __| __| | | 
| __| ____| __| ____|   | __| ______| | __| ____| | | __| | __| __| | __| | | | | ______| | __| | | __| __| __| __| | __| __| 
| | ____| __| __________| ____| __| __| | ______| | ____| | | __| | __| | __| | | | __| __| __| ____| ______| ____| | __|   | 
| ________| ______| ______| | | | __| | | ____| __| ____| __| | ____| | __|   | ____  | | ________| __| __| | ____| ____| | | 
| ______| | __| |   | ____| | __| | | | __| ______  | | ____  | __| | ____| | | ______| ____| __| | | __| ____| | | __| __| | 
| ______| ____| ____| | __| ____| ______| | __| __| | ______|   | |   | ____| | | ____| ______| | | ____| ______| | ____| __| 
| | __| __| ______| __| ________| __| ____| | ____| __| __| __| | __| | | | __| | __| | ______| | | ____| |   | __| ________| 
| |   | __| __| ____| | __________| __| ________| | | __| __| ____| __| | | | __| | ________| | __| __| __| | | ____| | __| | 
| __| | __| __| | __| ________| __| ____| | ____| ____| ____| ____|   | | __| __| __| ____  | __| ____| ____| ____| ____| | | 
| | __| __| __| __| ____| __| __  ____| | | | | ______| __| __| |   | | | __| ______| ____| __| __| ____| ____| ________| | | 
| | __| ____| | ______| | | ______| __| __| | __| __| __| | | ____| __| __| __| __| __| | ____| __| | | __| | __| | ____|   | 
| __| | | __| __  | | __| __| ____| | | ____| |   ______| | | | ____  | | __| __| __| ________| | | __| | __| | ____| __| __| 
| | | | __| __| __| __| | | ____| | | __| __| __| | __| | __| __| ______| ______________| __|   | __| | __| | __| __| | __| | 
| __| | | __| | | __|   | __| ____| __| __| | ______| ________| ______| __| __________| ____| | | __|   | ____| | | | __| __| 
| | | ____| | __| ____| ____| __| ____| | | | | ________________________| | ________| | ______| __| __| | __| __| | ________| 
| | __| ____| __| | __| ______| | __| __| ______| __| ____| __________| __| ______| | | ______| ____| | __| __| __| | ____  | 
| | | | ____| | __| ______| | __| __| | ______| ______|   | | ____| | | __| __| | | | | | __| | ____| | ____|   | __| | | __| 
| | | __| __| __________| | ______| __| ____| ______| __| | ______| | __| | |   | | __| __| | __| ____| ______| __| | | __| | 
| | ______| __| ______| | __| ____| ______| __| ____| __| __| ____| ____| | | __| __| ____| | ____| __| __| | __| | __| |   | 
| ______|   | __| | ________| ________| | __| | | ____| | __| | ________| | | __________|   | __| __| ____  | | | ____| __  | 
| | __| __| __| ______| | | ________| | | ____| __| __| | __| | ____| | __| ______| ____| __| __| | ______|   | | ______| __| 
| __| __| __| ______| __| ________| __| ________| __| | __| | __| | | | | __| | ____| | | |   | __| ____| __| | | | ____| | | 
| ____| __| __________|   | ________| ____| ____| __| | __  ____  | ____| | __| ____| | __| | | | ____| | __| __| | ____| | | 
| | ____| ______| __| __  | | ______| | | __| __| | __| | | | __| ____| ______| __| ______| ____| | | __| ____|   | __| | | | 
| | ______| | | __  | | | | | |   | __| ____| ____| | |   | | | ____| __| __| __| ______| | ______| | | __| ____| ____| | | | 
| | | ____| | __| __| | ____| | | | | ____| ______| | | __| | ____| __| __| | | ____| | __| __| | __| ______| __| ______| | | 
| | __| |   | | __| __| ____| | | | ______| __| ____| | __| | __| __| ____| __| __| ____| __| | | __________| __| ________| | 
| ____| __|   |   | | ____| __  | ______| |   | | __| ____| | ____| ____| ______| | ____| | __| ____| __| | | | ____| __|   | 
| | ____| ____| | | | ______| __| ______| | | | | ____| __| ________| __| __| | | ____| __| __| __| __  | ____| ____| | | | | 
| | __________| ______| __| | __| | __| __| __| __| | ____________| | ____| | ______| ____| ____| __| __| ____| | __  | | __| 
| | ______| __| __| ____| __| | __| | ____|   __| |   | ____| __  | ______| __| __| | __________| __| | __| | | __| | | |   | 
| | ____| ____| | __| __| | __| __| | | |   | | __|   | | | ____| | __  | | __| | | __| | __| ____| | | | __| ____| __| | | | 
| ______| | | __| | __| __| | __| | | | __| | __| __| | | ____| | | | | | __| __| ____| __| ____| __| | | | ____| __| ____| | 
| | __| __| | ______| | __| ____| | | __| __| | __| __| | __| | |   | __| |   | __| ____| __| __| | __| | __| __| | ________| 
| | __| | ____| __| | __| | __| | ____| | __| __| | __| | | | __| __| __| __| | | | __| | __| | __| | __| | ____| __| ____| | 
| ____| | ____  | ____| | __| | __|   | | ____| ____| ____| __| | | __| ____| | | __|   | |   | | __| | ______| ______| | | | 
| __| __| ____| | | __| | ______| __| | __| __| __| | | | | __|   | | ____| __| | | __| __| | ______| ________| | __| ____| | 
| __| | ____| ____| | | __________| | __| __| | __| ____| | | __| | | | __| | ______| | __| | ____| __| ____| __| | ______| | 
| | __| __| ________| ______________| ______| ____________| ________| __| ____________| ______| ____| ____________| ________| 
|s|_________________________________________________________________________________________________________________________|
