____________________________________________________________________________________________________________________________e
| | ______| __________________| ____________| ________________________| __| ________| __________| ____| ____| ____| ____| __| 
| __| __| | ____| __________| ____| | __| __| | | ______________| __| | | __| | __| __| ______| | | | __| | | __| | __| | __| 
| | __| | | __| __| | ______| ____| __| | | | | | __| ____| __  | | | __| __| | __| ____| | __| __| | ______| __| __| ____  | 
| __| | | __| | __| | __| | __| __| | __| | __| __| ____| ____| | | __| ______| | ______| | | ______| | __| __| | | __| __| | 
| |   | | | | __|   __| ____| __| __| | ______| __| | | __| | ________| | | ____| ____| ____| __| | __| | | | ____| | __| __| 
| __|   | | ______| | | __| __| | __| | ______  | __| | __| ____| __| | | | ______| | | __| __|   | __| | | | | | __| __| | | 
| __| __| | __| | __| __| __  | | | | __| ____| | |   | | __| | __| | |   | ________| | | | ____| __| | | __|   | | __| __| | 
| | ____| | | | ________| ____| | | __| __| | __| __| | | | __| | | | | __| ______| __| ______| ____| | __| ____| | __| |   | 
| | __| __| | ________| ______| | __| __|   | | ____| | __| | | | | | | | ______| | ____________| __| __| __| ____| __| | | | 
| | | __| __| __| __  | __| | __| | __| __|   | __| ________| |   | | | __| __|   | ________| | | ____| __| __| __| | __| __| 
| | | __| | __| __| __| | __| ____| |   | __| | | | ____| __| ____| ________| __| ______| ____| | | ____| | ____| __| | __| | 
| __| | __| | ____| __| | ____| | ______| | __| | __| __| | ________| ____| __| __| | ______| __| __| __| | ______| ____|   | 
| | ______| | | ____| | __| | __________| | ____| __| ______| ______| ____  ____| __| | __| __| __| __| | | __| __| __| __  | 
| ____| | __| __| | ____| | ____| ____| | ____| __| __| ______| __________| | ______| | | ______| __|   | __|   | __| ____| | 
| __|   | __| |   __| | __| |   | | ____| __| ______|   | | ____| ____| __| | | __| __| __| ____| | __| | __| | | | __| | __| 
| | __| __| __| | |   | ____| | | | ______| ____| ____| | __| __  | __| __| | | | ____| | __| __| | __| __| __| | __| | ____| 
| __| __| ____| | | __| __| | | __| | __| ____| | __| ____| ____| __| | __| | __| | | ________| | __  | __| | __| __| | | __| 
| | __| | | ____  | ____| | | | ________| | | | | | | __| __| | ____  | | ______| __| ______| ________| __| | __| __| | __| | 
| ____  | | | __| | ________| ______________| | __| ____| ____| ____| | __| __| | __| | | __| __________| ____| | | | ____| | 
| ____| __| __| __| | ________| __| __| | __| __| ________| __| ______| | | __| | | __| | __| ____| ______| __| | | | | __| | 
| __| ______| __| __| __| ____| | ______| | ____| ____| |   | | ____| __| __|   | | __  | ____| __| | __________  | | __|   | 
| | __| ______| __| __| | __| | __| ____  | | ____| __| __| | __| __| ____|   | | __| | | ______| ______| | ____| | | ____  | 
| | __| __| __| | __| | | __| __| __| | | | __| ____| __| | __| ____| | | ____| | ____| | __| ____| __| | | | | | | __| __| | 
| __| ______| | ____| | | __| __| __| | ____| | ______| | | | __| | | | | | | ____| ____| ____| | | | | | __| __| __| | __| | 
| ____| | ____| __| | __| __| | __| | | __| __| __| __| | ____| | | __| | __| ________| __| __| | |   | __| ____| __| | __| | 
| | ____| | ____| __| | | | | __|   | __________| | ______| ____| | ____| ______| ____| __| | | | __| | ____| __| __| | | __| 
| __| __| | ____| __  | | |   | __| ________| ____| | ____| | __  | | ____| __| | | __| ______| ______| __| | | __| __| __| | 
| ____| | | | __| | | | | __| | | ______|   | ____| | __| __| __| __| | | ____| | __| ________| | __| ____| | | | __| __| | | 
| __| ____| | | ____| __| | ____| ______| | | __| ____| __| ________| | | ____| | ________| __| | | | __| __| | __| | __| | | 
| | | __| ____| | __| | ____| | __| ____  | | ______| __| | ____| __| | ____| | | | ____| | | __| | __| | __| ______| | |   | 
| |   | | | | ____| ____| | | | ____| ____| | __  | ____| | | | | | | | ____| __| __| __| __| ____| | __| __| ____| __  __| | 
| __| | | | __| ______| __| | ____| | | __| __| __| | __| ____| __| | | __| | __| __| | ______| ________| ____| __| | __| __| 
| | | __| __| __| ____| ______| | __| | | __________| | | | ______  | __|   | ____| __| ____| __| ____| | __| __|   | ____| | 
| | __| ____| | __| ______| | | | | | __| __________| ____| | __| | __| | | __| __| __  | ____| __| | ____| | | ____| | __| | 
| | ______| __| __| __| | | __| | | | ______| | __| | ______| | __| __| | __| __| | ____| __| ______| ____| | | | __| __|   | 
| | __| | __| __| __|   | | | ____| ______| __| __| | ______| __| __| | | | | ______| | __| | __| ____| ____| ____| ____| | | 
| __|   | __|   | __| __| | | | ________| __| | | | __| | __| __| |   | | | ____| ______| __| __| __| | ____| ____| | | | | | 
| | __| __|   | __| ____| | __| __| __| ________| __  | __| __| ____| | ________| ____| ______| ____| __| | | | ____  | __| | 
| ____| ____| | ________| __| ______| __| __________| __|   | __| ________| ______| | ____| | ____| ______| | ____| | | ____| 
| | ______| __| __| __| | | | | __| __| | | __| | __| ____| __| __| __| | __| __|   | __| ____| | | | ____| | ____| | | ____| 
| __| ________| __| | | __  | __| __| | __| | __| | __________| | __| ____| __| | __| ________  | | | | | __| | __  | __| __| 
| ____| __| ________| | ____| ____| __| ____| | __| | ______| __| ________| __| | ____| | __| __| __| | __| __| | | ____| __| 
| __| ____| __| ____| __| | __| __| | | | | ____| __| __| | ________| ____  | __| __| ____| | | ____| | __| |   | | __| ____| 
| __| | | __| | __| __| ____| __| | | __|   | __| | ____| | | ____| ____| __| __| ______| __| | | |   | __| __| __| | __| __| 
| __|   | | | | __| | ______| __| | __| __| __| | ______|   | __| ____| | ____| | __| ______| | __| __| | ____| | __| | __| | 
| | | __  | | __| | | ____| | __  | | __| ____| __| __| __| | __| | ____| ____| | ______| | __| | ____| | __| __| ________| | 
| | ____| | | __| __| | ____| | |   | ______| ____| | | | ____| | __| __  |   | ____| __| | ____| ____| | | __| ________| | | 
| ____| | | __| __| __| ______| __| ______| ____| |   | __| ____| | ____| __| __| __| | ______| ____| | | __| __| __  | __| | 
| ______| | ____  | | __| __| __________| | __  | ______| __| ____| | | ____| __| __| | __| | __| __  | __| ____| __| | __| | 
| | ________| __| | ________| ____|   | __| | ____| __| | | | ______| ______| __| |   | | __| | | __| __| ____| __| ____| | | 
| | __| __| __| ______| ____________| | __  | ______| | __| | | ____| ________| __| | | | | __| __| | ______| | __| ____| | | 
| __| ____| | ____| __| ____| | __| ____| __| | ________| __| | | | | __| __| __| __| | | ______| | ____________| __| | __| | 
| __| __| __| | __| | ______| __| __| __| __| ________| ____  |   | ____| | ____| | __| ______| __| __________| ________|   | 
| ______| __| ____| | ____| __________| ____| | ____| ______| __| __| | | __| ____| ________| | | ____| ____| | ____| ____| | 
| | __| | | __| | | ____| __| | | |   | | ______| ________| __| __|   | | | ______________|   | ______| __| | | | __| | __  | 
| | | __| __| | | ____| __| |   | __| __| | ____| __| __| | __| ____| | ________| ____| | __| __| ____  | ____| __|   | __| | 
| __| __| ____| __| | __| | __| __| ______| | __| __| __  | ______| | __| ____| __| | ____| ____| __| | | | | ______| | | __| 
| __| | ______| | __| | | __| | __| __| | ____  | ______| | __| | | __| | __| __| __| ____| ____| __| | | | | | | __| __| | | 
| | ________| __| | ____| | | | ____| | __| __| __| ____| | | | | | __| | __| | __| __| | __|   | |   | __|   __| ________| | 
| | ________| ____| __| | __| | | ____| __| | ____| | __| | | | | ____| ____| ____________| | | | __| ______| | ______| __| | 
| __| | ____________| | __| __| | | ____| ______| __| __| __| | ____| ____| __| ______| | | | | ______| ____| __| __| __| | | 
| | ____________| ______| ______| ________________| __| ______________| ________| __________| ____| __________| ____________| 
|s|_________________________________________________________________________________________________________________________|
