____________________________________________________________________________________________________________________________e`
| | ________| ____________________| ______| ________| __| ________| | ____| __________| ____| ____________________| ________| 
| | | __| ____| ____| ____| __| __| | | __| | __| | __| __| ____| |   | | ______| __| ____| | | __| ______| ____| | ______| | 
| | __| | ______| __| __| __| __| |   | __| __| | __| | __| | __| __| | __| | ____| | __| ____| ________| __| | | ____| __| | 
| __| | | | | __| ____| __| | __| ____| ____| | __| | __| | __| | ______| ____| ____| __| | __| __| ______| __| ____| | | | | 
| |   | | ____| | __| | __| ____| ______| __| __| | __| | | __| __| __| ______| | __  | __| | __| __| __| __| | ____| __| __| 
| __| | | ____| | | | | | | ________| __| ____| ____| | | __| __| | | | ______| ____| | ____| | __| __| __| | ____| ____| | | 
| | ____| ____| __| __| | ______|   | ____| | __| __| | | ____| __| | | | ____| __| ________| __| __| __| ______| ____| __| | 
| __| ________| | | __| __| ____  | | | __________| __| __| | __| __| | | __| __| | ____| ____|   __| __| __| ________| __| | 
| | ____| | | ____| | | __| | __| | __| | __| | ______| ____| | | __| __| __| | ____| | | | ____| | ____| __| __| | ____| | | 
| | ____| | | ____| | | __| __| __| | __| | | __| __| __| __| | __| ______| ____| __  | __| | ________| | ____| | __| __| | | 
| | ______| | | |   | __________| | | ____| | ____| __| __|   | ______| __________|   | __| | __| __| | | ____| | | | | __| | 
| ________  | | | ____| ______| __| ____| __| __| __| | __| __| __| | | | __| | ____| | |   | | | | __| ______| |   | __|   | 
| ____| __| __| __| ____| __  | | __| ____|   | | ______| __________| __| | ____| | ____| | __| | __| ________| __| ____| | | 
| __| | | ______| | | __| | __| | | __| __| __| __| | __| __| __| ______| | ______| | ____| ____| | | __| __| | | ____| __  | 
| __| | | | __|   | __  | ______| | ____| __| ____| __| | ______| __| | | | __| | | | ______| ____| __| ____| __| __| ____| | 
| | |   | __| __| | ____| ____| __| __| ____| | ______| ______| ____| __  __|   | __| __| ____| ____| ____| __| ____| __| | | 
| | __| | __| __| | | __| | ____| | | | __| __| | ____| ____| | __| ____| | __| ____| | | __| ____| | | | | | | __| __| | __| 
| | | | | __| | | ____| __| __|   | | __| ______| | ____|   | __| ____| | | | ____| | | | ____| __| __| | __| __| | __| __| | 
| | ____| ____|   | ________| | | | __| __| ____| __| | __| | __| | __| | __| | __| __| | | __| ______________| ____| ____| | 
| | __| __| | __| | | __| ____| ______| | __| ______| | ______| __| | | | ______| __| | | __| __| ______| __| __| ______|   | 
| | | | | ____| | | __| ____| __| | ______| __| ________| ________| | ______| | | | | | | __| | __| __| __| | __| | ____| __| 
| __  | __| __| __| ____| | __| | ____| ____| | __| __| __| __| ____| ______| |   | | | | __| __________| | | __| | | __| __| 
| __| __| __| | | __| | ____| __| ________| | __________| | | __| ____| ______| __| __| | ____| ______| | __| ____| | | | __| 
| | __| ____| | __| ________| | ______| ____| ____| ____| ____| __| | | __| ____| | ____| ____| ____| | __| ____| __| __| | | 
| __| | | | | __| | | ____| ______| ____| | __| | | | | __| ______| | ______| ______| __| __________| __| | __| __| __| |   | 
| __| | | ______| __| | | ______| | | ____| |   | | | __| ____|   | ____| __  | __| ____| | | ________| | ______| __|   __| | 
| | __| __| | __| __| | ______| | | | | __| | | | __| | ____| __| | __| ____| __  | | ____|   | | | __| __| ________| | | __| 
| | | ____| | | ____| | __| __| | __| | | __| | ________| | __| | __| __| | | ____| __| ____| | ____| | __| ____| __  | __| | 
|   | | __| __| | __  | __| __  | ____| __| __| ______| | __  | | ______| | __| | __| ____| ____| __| __| ____| __| __| |   | 
| __| | | __| ______| | | ____| ____| __| __| ____| | | __| | | __| __| ____| | __| | __| __| | __| ____| | __| | | | __|   | 
| __| | ____| ______| | | __| ____| | | ____| | | __| __________| __| __|   | __| | __| | | | __| ____| __| | __| | __|   | | 
| | | __| | __| ____| | | __| __| | __| __| |   | ____| __| __| ____| ____| __|   __| | | | | | ____| | __| ______| ______| | 
| __| __| ______| |   | | ____| | | | ____| ____| ______| __| __| ____| __| __| | | __|   | ____| __| __| __| ________| __| | 
| __| | | | ____| __| | | ______| __| | __________________| __| | | |   ____| ____| ____| | ____| ________| __|   | __| | | | 
| | __| __| | ____|   | | | ____| | __| | __| | ______| | | __| __| __| ______| | ____| ____| __| __| ____| | __| | ____| __| 
| | | | ______| | __| | __| __| | ____| | | __| | __| ____| __| __| __| ______| __| ______| __| __| __| ______| __| | ______| 
| | | __| __| __| __| __| ____| __| | __| | | | | | | | __| __| __| ________| ____| __| | | ____| __| __| __| | __| | | __| | 
| __| ____| __  | __| | __| __| __| __  | | | | | | | | | ____| | | ____| __| | ____| |   | __| ____| | | __| __| | | | |   | 
| ____________| __| __| | | __| ______| __| __| __| | __| ____| | __| __| | | __| __| __| | | | | | ____| | __| __| | | __| | 
| ________|   | | __| __| __| ____| __| | __| ______| | __|   | | __| __| | __| ________| | __________|   | ______| | ____| | 
| | ______| | | ____| ________| | | | | ______| | ____| | __| | | | | __| ____| | __| | __| ____| ____| | | ______| __| __| | 
| | | __| __| __| | ____| __| | ____| | __| ____| __| __| __| | | __| ______| | __| | __| __| | ________| | | | ____| __| | | 
| | __  | __| __  | __| | __| | __| ____| | __| __| | | __| | __| | ____  | __| | | | __| __| __| | ______| | | | ____| ____| 
| ____| | __| ____| __| ______| __| __| ____| __| | ____| | __| | | ____| | ____| | | ______| ____| ____| |   | __| __| ____| 
| | | | | __| | __| __| ______| ____| | ________| | | | __| |   | ____| ______|   | ____| __| __| ______| __| __| __| ____| | 
| | __| | | __| | __| ____| | ____| ____| ____| __|   | __| | | ______| | | | __  | __| | ____| __| ____| ____| __| | ____| | 
| __| | ____| | __| ____| | __  | __________| | ____| | __| ______| |   | | ____|   | __| __| __| ________|   | | | __| | __| 
| | | ____| | | __| __| __| |   | __| | __| ____| __| | | __| __| | | __| | ____| __| __| __| ____| __| ____|   | __| | | __| 
| | | __| __| | |   | ____| __| __|   | | | ______| __| | | | | __| | __| ____| | | __| | ____| __| __| | ____  __| __| __| | 
| __| | | __| | __| ____| | | | | __| | | __| ______| | __| | __| | ________| | | | | | __| | | | ____| ______| | __| ____| | 
| __| | | ______| __| __| | __| ____| ____| ____| __| ____| | | | ____| __|   | ____  | __| | | ____| ______| __| ____| | | | 
| | __| | ________| | | ____| ________| | | | __| ______| | | | ____| __| | | | __| ____| __| | | __| __| ____| ______| | | | 
| | | | __| | __| | | __| __| | __| | | | __| __  | | | __| | | __| __| __| | __| | | __| __|   | | __  | __________| __|   | 
| | | ____| __| ____| | __|   | | | | __________| | __| | __| | | ____| __| ____| | | | ____| | | ____| | ______| __| | __| | 
| __| __| __| ____| __| | __| __| | ______| __| ______| __| __| | | | __| __| ____| __| | ____| | __| __| | ____| ____| __| | 
| __| | ______| | __| __  | | | ____| ____| | | | ____| ________| | | | ____| __| __| | __| ____| | __| | __| ____| ____| __| 
| | __| ______  | __| __| | | | ____| ______| __| | | | ______| __| | __| ______| | | __| ______|   | | __| __  | | ______| | 
| __| | ______| __| | | ____| | | ______|   | ____| | ______| | | ____| | | | ____| ______| __|   | | ____| | | | ______| | | 
| __| __| ______| __| __| __| __| | | |   | | | ______| __| __| ____| __| | | __| __| __| | | __| | __| ____| | | | ______| | 
| __| __| __| __| | ____| | __| __| __| | | __| | | | | __| | ____| | |   | __| __| __| | __| ____| __| ____| | __| __| __  | 
| __| | | ____| | | ____| | ______| __| | | __| __| __| __| __| | | | __| ________| | __| ____| | __| ____| | __| ______| | | 
| | __| __| ______| | ____________| __| ________| ____| ________| | __________| ____| ______| ____| ______________________| | 
|s|_________________________________________________________________________________________________________________________|
